============================= test session starts ==============================
platform darwin -- Python 3.11.9, pytest-9.0.1, pluggy-1.6.0
benchmark: 5.2.3 (defaults: timer=time.perf_counter disable_gc=False min_rounds=5 min_time=0.000005 max_time=1.0 calibration_precision=10 warmup=False warmup_iterations=100000)
rootdir: /Users/rgmarkey/Library/CloudStorage/OneDrive-CMASB/Analytics/Filings Analysis/Filings review tool/filings_reviewer
configfile: pyproject.toml
plugins: benchmark-5.2.3, anyio-4.11.0, asyncio-1.3.0, cov-7.0.0
asyncio: mode=Mode.STRICT, debug=False, asyncio_default_fixture_loop_scope=None, asyncio_default_test_loop_scope=function

----------------------------- live log collection ------------------------------
INFO     src.extraction.keyword_config:keyword_config.py:78 Loaded keyword config from /Users/rgmarkey/Library/CloudStorage/OneDrive-CMASB/Analytics/Filings Analysis/Filings review tool/filings_reviewer/config/metric_keywords.yaml: 33 metrics
INFO     src.review.keyword_matching:keyword_matching.py:117 Loaded 31 active metrics (1 deprecated, skipped)
collected 3467 items

tests/unit/extraction/test_candidate_detector.py::TestBasicDetection::test_single_keyword_value_pair_detected PASSED [  0%]
tests/unit/extraction/test_candidate_detector.py::TestBasicDetection::test_multiple_candidates_in_same_text PASSED [  0%]
tests/unit/extraction/test_candidate_detector.py::TestBasicDetection::test_numbers_without_keywords_rejected PASSED [  0%]
tests/unit/extraction/test_candidate_detector.py::TestBasicDetection::test_keywords_without_numbers_rejected PASSED [  0%]
tests/unit/extraction/test_candidate_detector.py::TestBasicDetection::test_empty_text_returns_empty_list PASSED [  0%]
tests/unit/extraction/test_candidate_detector.py::TestBasicDetection::test_whitespace_only_returns_empty_list PASSED [  0%]
tests/unit/extraction/test_candidate_detector.py::TestBasicDetection::test_currency_values_detected PASSED [  0%]
tests/unit/extraction/test_candidate_detector.py::TestBasicDetection::test_percentage_values_detected PASSED [  0%]
tests/unit/extraction/test_candidate_detector.py::TestBasicDetection::test_value_position_is_correct PASSED [  0%]
tests/unit/extraction/test_candidate_detector.py::TestBasicDetection::test_keyword_position_is_correct PASSED [  0%]
tests/unit/extraction/test_candidate_detector.py::TestFalsePositiveFiltering::test_page_numbers_filtered PASSED [  0%]
tests/unit/extraction/test_candidate_detector.py::TestFalsePositiveFiltering::test_years_filtered PASSED [  0%]
tests/unit/extraction/test_candidate_detector.py::TestFalsePositiveFiltering::test_dates_filtered PASSED [  0%]
tests/unit/extraction/test_candidate_detector.py::TestFalsePositiveFiltering::test_measurement_units_filtered PASSED [  0%]
tests/unit/extraction/test_candidate_detector.py::TestFalsePositiveFiltering::test_toc_references_filtered PASSED [  0%]
tests/unit/extraction/test_candidate_detector.py::TestFalsePositiveFiltering::test_disabled_filter_allows_years PASSED [  0%]
tests/unit/extraction/test_candidate_detector.py::TestFalsePositiveFiltering::test_large_metric_values_not_filtered PASSED [  0%]
tests/unit/extraction/test_candidate_detector.py::TestFalsePositiveFiltering::test_small_numbers_below_threshold_filtered PASSED [  0%]
tests/unit/extraction/test_candidate_detector.py::TestTableAwareDetection::test_keywords_and_values_in_same_row_accepted PASSED [  0%]
tests/unit/extraction/test_candidate_detector.py::TestTableAwareDetection::test_cross_row_keyword_value_matches_rejected PASSED [  0%]
tests/unit/extraction/test_candidate_detector.py::TestTableAwareDetection::test_same_cell_detection_works PASSED [  0%]
tests/unit/extraction/test_candidate_detector.py::TestTableAwareDetection::test_non_table_segments_handle_gracefully PASSED [  0%]
tests/unit/extraction/test_candidate_detector.py::TestTableAwareDetection::test_missing_html_handled_with_fallback PASSED [  0%]
tests/unit/extraction/test_candidate_detector.py::TestTableAwareDetection::test_invalid_html_handled_gracefully PASSED [  0%]
tests/unit/extraction/test_candidate_detector.py::TestTableAwareDetection::test_row_validation_disabled_allows_cross_row PASSED [  0%]
tests/unit/extraction/test_candidate_detector.py::TestTableAwareDetection::test_empty_cells_handled PASSED [  0%]
tests/unit/extraction/test_candidate_detector.py::TestTableAwareDetection::test_large_table_performance PASSED [  0%]
tests/unit/extraction/test_candidate_detector.py::TestConfidenceScoring::test_close_proximity_increases_confidence PASSED [  0%]
tests/unit/extraction/test_candidate_detector.py::TestConfidenceScoring::test_same_cell_increases_confidence PASSED [  0%]
tests/unit/extraction/test_candidate_detector.py::TestConfidenceScoring::test_confidence_capped_at_one PASSED [  0%]
tests/unit/extraction/test_candidate_detector.py::TestConfidenceScoring::test_confidence_minimum_is_base PASSED [  0%]
tests/unit/extraction/test_candidate_detector.py::TestConfidenceScoring::test_unit_present_in_candidates PASSED [  0%]
tests/unit/extraction/test_candidate_detector.py::TestStructureParserIntegration::test_structure_parser_used_when_html_available PASSED [  0%]
tests/unit/extraction/test_candidate_detector.py::TestStructureParserIntegration::test_position_mapping_correct PASSED [  0%]
tests/unit/extraction/test_candidate_detector.py::TestStructureParserIntegration::test_row_boundaries_respected PASSED [  1%]
tests/unit/extraction/test_candidate_detector.py::TestStructureParserIntegration::test_detect_in_segment_convenience_method PASSED [  1%]
tests/unit/extraction/test_candidate_detector.py::TestStructureParserIntegration::test_detect_in_segment_with_table PASSED [  1%]
tests/unit/extraction/test_candidate_detector.py::TestEdgeCases::test_numbers_in_footnotes PASSED [  1%]
tests/unit/extraction/test_candidate_detector.py::TestEdgeCases::test_percentages_vs_absolute_numbers PASSED [  1%]
tests/unit/extraction/test_candidate_detector.py::TestEdgeCases::test_negative_numbers PASSED [  1%]
tests/unit/extraction/test_candidate_detector.py::TestEdgeCases::test_numbers_with_commas PASSED [  1%]
tests/unit/extraction/test_candidate_detector.py::TestEdgeCases::test_custom_keywords PASSED [  1%]
tests/unit/extraction/test_candidate_detector.py::TestEdgeCases::test_default_keywords_list_not_empty PASSED [  1%]
tests/unit/extraction/test_candidate_detector.py::TestEdgeCases::test_detected_candidate_fields PASSED [  1%]
tests/unit/extraction/test_candidate_detector.py::TestEdgeCases::test_raw_text_contains_context PASSED [  1%]
tests/unit/extraction/test_candidate_detector.py::TestEdgeCases::test_max_keyword_distance_configurable PASSED [  1%]
tests/unit/extraction/test_candidate_detector.py::TestEdgeCases::test_multiple_keywords_same_value PASSED [  1%]
tests/unit/extraction/test_chart_value_extractor.py::TestExtractedChartValue::test_create_extracted_value PASSED [  1%]
tests/unit/extraction/test_chart_value_extractor.py::TestExtractedChartValue::test_extracted_value_with_none_value PASSED [  1%]
tests/unit/extraction/test_chart_value_extractor.py::TestChartExtractionResult::test_create_extraction_result PASSED [  1%]
tests/unit/extraction/test_chart_value_extractor.py::TestChartExtractionResult::test_extraction_result_with_error PASSED [  1%]
tests/unit/extraction/test_chart_value_extractor.py::TestChartValueExtractorInit::test_default_init PASSED [  1%]
tests/unit/extraction/test_chart_value_extractor.py::TestChartValueExtractorInit::test_custom_prompt PASSED [  1%]
tests/unit/extraction/test_chart_value_extractor.py::TestChartValueExtractorInit::test_custom_vision_client PASSED [  1%]
tests/unit/extraction/test_chart_value_extractor.py::TestChartValueExtractorInit::test_lazy_vision_client_creation PASSED [  1%]
tests/unit/extraction/test_chart_value_extractor.py::TestJsonParsing::test_parse_plain_json PASSED [  1%]
tests/unit/extraction/test_chart_value_extractor.py::TestJsonParsing::test_parse_json_in_code_block PASSED [  1%]
tests/unit/extraction/test_chart_value_extractor.py::TestJsonParsing::test_parse_json_in_generic_code_block PASSED [  1%]
tests/unit/extraction/test_chart_value_extractor.py::TestJsonParsing::test_parse_json_with_surrounding_text PASSED [  1%]
tests/unit/extraction/test_chart_value_extractor.py::TestJsonParsing::test_parse_invalid_json_returns_none PASSED [  1%]
tests/unit/extraction/test_chart_value_extractor.py::TestJsonParsing::test_parse_partial_json_returns_none PASSED [  1%]
tests/unit/extraction/test_chart_value_extractor.py::TestJsonParsing::test_parse_empty_string_returns_none PASSED [  1%]
tests/unit/extraction/test_chart_value_extractor.py::TestJsonParsing::test_parse_nested_json PASSED [  1%]
tests/unit/extraction/test_chart_value_extractor.py::TestJsonParsing::test_parse_json_with_unicode PASSED [  1%]
tests/unit/extraction/test_chart_value_extractor.py::TestValueExtraction::test_extract_values_with_y_axis PASSED [  1%]
tests/unit/extraction/test_chart_value_extractor.py::TestValueExtraction::test_extract_values_without_y_axis PASSED [  1%]
tests/unit/extraction/test_chart_value_extractor.py::TestValueExtraction::test_extract_values_numeric_conversion PASSED [  1%]
tests/unit/extraction/test_chart_value_extractor.py::TestValueExtraction::test_extract_values_non_numeric_handled PASSED [  1%]
tests/unit/extraction/test_chart_value_extractor.py::TestValueExtraction::test_extract_values_preserves_metadata PASSED [  1%]
tests/unit/extraction/test_chart_value_extractor.py::TestValueExtraction::test_extract_values_empty_cohorts PASSED [  2%]
tests/unit/extraction/test_chart_value_extractor.py::TestValueExtraction::test_extract_values_warns_on_estimate 
-------------------------------- live log call ---------------------------------
WARNING  src.extraction.chart_value_extractor:chart_value_extractor.py:345 Value extracted without Y-axis scale: Test@2024=100.0 (may be estimate)
PASSED                                                                   [  2%]
tests/unit/extraction/test_chart_value_extractor.py::TestConfidenceCalculation::test_confidence_y_axis_with_values PASSED [  2%]
tests/unit/extraction/test_chart_value_extractor.py::TestConfidenceCalculation::test_confidence_y_axis_no_values PASSED [  2%]
tests/unit/extraction/test_chart_value_extractor.py::TestConfidenceCalculation::test_confidence_no_y_axis_with_values PASSED [  2%]
tests/unit/extraction/test_chart_value_extractor.py::TestConfidenceCalculation::test_confidence_no_y_axis_no_values PASSED [  2%]
tests/unit/extraction/test_chart_value_extractor.py::TestConfidenceCalculation::test_confidence_json_parse_failure PASSED [  2%]
tests/unit/extraction/test_chart_value_extractor.py::TestConfidenceCalculation::test_confidence_bonus_for_multiple_cohorts PASSED [  2%]
tests/unit/extraction/test_chart_value_extractor.py::TestConfidenceCalculation::test_confidence_capped_at_1 PASSED [  2%]
tests/unit/extraction/test_chart_value_extractor.py::TestExtractMethod::test_extract_success PASSED [  2%]
tests/unit/extraction/test_chart_value_extractor.py::TestExtractMethod::test_extract_with_context PASSED [  2%]
tests/unit/extraction/test_chart_value_extractor.py::TestExtractMethod::test_extract_api_error_returns_error_result 
-------------------------------- live log call ---------------------------------
WARNING  src.extraction.chart_value_extractor:chart_value_extractor.py:173 Vision API error for chart.jpg: API connection failed
PASSED                                                                   [  2%]
tests/unit/extraction/test_chart_value_extractor.py::TestExtractMethod::test_extract_json_parse_error_returns_error_result 
-------------------------------- live log call ---------------------------------
WARNING  src.extraction.chart_value_extractor:chart_value_extractor.py:206 Failed to parse JSON from response for chart.jpg
PASSED                                                                   [  2%]
tests/unit/extraction/test_chart_value_extractor.py::TestExtractMethod::test_extract_no_y_axis_chart PASSED [  2%]
tests/unit/extraction/test_chart_value_extractor.py::TestExtractMethod::test_extract_preserves_raw_response PASSED [  2%]
tests/unit/extraction/test_chart_value_extractor.py::TestDefaultExtractionPrompt::test_prompt_contains_key_instructions PASSED [  2%]
tests/unit/extraction/test_chart_value_extractor.py::TestDefaultExtractionPrompt::test_prompt_warns_about_no_scale PASSED [  2%]
tests/unit/extraction/test_chart_value_extractor.py::TestMissingFields::test_missing_chart_title PASSED [  2%]
tests/unit/extraction/test_chart_value_extractor.py::TestMissingFields::test_missing_metric_type PASSED [  2%]
tests/unit/extraction/test_chart_value_extractor.py::TestMissingFields::test_missing_has_y_axis_scale PASSED [  2%]
tests/unit/extraction/test_chart_value_extractor.py::TestMissingFields::test_missing_cohorts PASSED [  2%]
tests/unit/extraction/test_chart_value_extractor.py::TestMissingFields::test_malformed_cohort_values PASSED [  2%]
tests/unit/extraction/test_context_extractor.py::TestParagraphContext::test_basic_character_window PASSED [  2%]
tests/unit/extraction/test_context_extractor.py::TestParagraphContext::test_context_respects_word_boundaries PASSED [  2%]
tests/unit/extraction/test_context_extractor.py::TestParagraphContext::test_context_at_start_of_text PASSED [  2%]
tests/unit/extraction/test_context_extractor.py::TestParagraphContext::test_context_at_end_of_text PASSED [  2%]
tests/unit/extraction/test_context_extractor.py::TestParagraphContext::test_very_short_text PASSED [  2%]
tests/unit/extraction/test_context_extractor.py::TestParagraphContext::test_empty_text PASSED [  2%]
tests/unit/extraction/test_context_extractor.py::TestTableContext::test_full_row_extracted PASSED [  2%]
tests/unit/extraction/test_context_extractor.py::TestTableContext::test_cell_markers_removed_from_output PASSED [  2%]
tests/unit/extraction/test_context_extractor.py::TestTableContext::test_row_markers_removed_from_output PASSED [  2%]
tests/unit/extraction/test_context_extractor.py::TestTableContext::test_column_header_detected PASSED [  2%]
tests/unit/extraction/test_context_extractor.py::TestTableContext::test_row_header_detected PASSED [  2%]
tests/unit/extraction/test_context_extractor.py::TestTableContext::test_multi_column_table PASSED [  2%]
tests/unit/extraction/test_context_extractor.py::TestTableContext::test_position_in_different_cells PASSED [  2%]
tests/unit/extraction/test_context_extractor.py::TestTableContext::test_table_with_th_headers PASSED [  3%]
tests/unit/extraction/test_context_extractor.py::TestContextFormatting::test_format_table_context_with_headers PASSED [  3%]
tests/unit/extraction/test_context_extractor.py::TestContextFormatting::test_format_table_context_without_headers PASSED [  3%]
tests/unit/extraction/test_context_extractor.py::TestContextFormatting::test_headers_excluded_when_not_requested PASSED [  3%]
tests/unit/extraction/test_context_extractor.py::TestContextFormatting::test_very_long_row_formatting PASSED [  3%]
tests/unit/extraction/test_context_extractor.py::TestContextFormatting::test_special_characters_in_context PASSED [  3%]
tests/unit/extraction/test_context_extractor.py::TestEdgeCases::test_empty_cells_in_row PASSED [  3%]
tests/unit/extraction/test_context_extractor.py::TestEdgeCases::test_single_cell_row PASSED [  3%]
tests/unit/extraction/test_context_extractor.py::TestEdgeCases::test_very_large_table PASSED [  3%]
tests/unit/extraction/test_context_extractor.py::TestEdgeCases::test_nested_tables PASSED [  3%]
tests/unit/extraction/test_context_extractor.py::TestEdgeCases::test_position_exactly_on_cell_marker PASSED [  3%]
tests/unit/extraction/test_context_extractor.py::TestEdgeCases::test_row_with_all_empty_cells PASSED [  3%]
tests/unit/extraction/test_context_extractor.py::TestEdgeCases::test_table_with_no_header_row PASSED [  3%]
tests/unit/extraction/test_context_extractor.py::TestEdgeCases::test_fallback_to_basic_on_parser_error PASSED [  3%]
tests/unit/extraction/test_context_extractor.py::TestEdgeCases::test_fallback_when_position_outside_rows PASSED [  3%]
tests/unit/extraction/test_context_extractor.py::TestEdgeCases::test_position_clamping PASSED [  3%]
tests/unit/extraction/test_context_extractor.py::TestContextExtractorIntegration::test_paragraph_without_html PASSED [  3%]
tests/unit/extraction/test_context_extractor.py::TestContextExtractorIntegration::test_table_without_html_falls_back PASSED [  3%]
tests/unit/extraction/test_context_extractor.py::TestContextExtractorIntegration::test_extractedcontext_dataclass_defaults PASSED [  3%]
tests/unit/extraction/test_context_extractor.py::TestContextExtractorIntegration::test_extractedcontext_all_fields PASSED [  3%]
tests/unit/extraction/test_context_extractor.py::TestRowMarkerStripping::test_row_marker_preserves_space_between_values PASSED [  3%]
tests/unit/extraction/test_context_extractor.py::TestRowMarkerStripping::test_row_marker_preserves_space_between_words PASSED [  3%]
tests/unit/extraction/test_context_extractor.py::TestRowMarkerStripping::test_multiple_row_markers_preserved PASSED [  3%]
tests/unit/extraction/test_context_extractor.py::TestRowMarkerStripping::test_cell_markers_still_work PASSED [  3%]
tests/unit/extraction/test_context_extractor.py::TestRowMarkerStripping::test_combined_cell_and_row_markers PASSED [  3%]
tests/unit/extraction/test_context_extractor.py::TestRowMarkerStripping::test_row_marker_at_start PASSED [  3%]
tests/unit/extraction/test_context_extractor.py::TestRowMarkerStripping::test_row_marker_at_end PASSED [  3%]
tests/unit/extraction/test_context_extractor.py::TestRowMarkerStripping::test_multiple_consecutive_row_markers PASSED [  3%]
tests/unit/extraction/test_context_extractor.py::TestRowMarkerStripping::test_real_world_table_row PASSED [  3%]
tests/unit/extraction/test_context_extractor.py::TestRowMarkerStripping::test_snowflake_filing_example PASSED [  3%]
tests/unit/extraction/test_definition_extractor.py::test_extractor_initialization PASSED [  3%]
tests/unit/extraction/test_definition_extractor.py::test_extract_definitions_empty_list 
-------------------------------- live log call ---------------------------------
INFO     src.extraction.definition_extractor:definition_extractor.py:118 Extracted 0 metric definitions
PASSED                                                                   [  3%]
tests/unit/extraction/test_definition_extractor.py::test_extract_definitions_no_metrics 
-------------------------------- live log call ---------------------------------
INFO     src.extraction.definition_extractor:definition_extractor.py:118 Extracted 0 metric definitions
PASSED                                                                   [  3%]
tests/unit/extraction/test_definition_extractor.py::test_extract_single_definition 
-------------------------------- live log call ---------------------------------
INFO     src.extraction.definition_extractor:definition_extractor.py:118 Extracted 1 metric definitions
PASSED                                                                   [  3%]
tests/unit/extraction/test_definition_extractor.py::test_extract_definition_and_methodology 
-------------------------------- live log call ---------------------------------
INFO     src.extraction.definition_extractor:definition_extractor.py:118 Extracted 1 metric definitions
PASSED                                                                   [  4%]
tests/unit/extraction/test_definition_extractor.py::test_group_segments_by_metric PASSED [  4%]
tests/unit/extraction/test_definition_extractor.py::test_group_segments_handles_none_candidate_ids PASSED [  4%]
tests/unit/extraction/test_definition_extractor.py::test_normalize_definition_text PASSED [  4%]
tests/unit/extraction/test_definition_extractor.py::test_normalize_long_text_truncates PASSED [  4%]
tests/unit/extraction/test_definition_extractor.py::test_assess_alignment_aligned PASSED [  4%]
tests/unit/extraction/test_definition_extractor.py::test_assess_alignment_partial PASSED [  4%]
tests/unit/extraction/test_definition_extractor.py::test_assess_alignment_not_aligned PASSED [  4%]
tests/unit/extraction/test_definition_extractor.py::test_assess_alignment_no_definition PASSED [  4%]
tests/unit/extraction/test_definition_extractor.py::test_assess_alignment_no_canonical PASSED [  4%]
tests/unit/extraction/test_definition_extractor.py::test_extract_multiple_metrics 
-------------------------------- live log call ---------------------------------
INFO     src.extraction.definition_extractor:definition_extractor.py:118 Extracted 2 metric definitions
PASSED                                                                   [  4%]
tests/unit/extraction/test_definition_extractor.py::test_no_definition_or_methodology_returns_none 
-------------------------------- live log call ---------------------------------
INFO     src.extraction.definition_extractor:definition_extractor.py:118 Extracted 0 metric definitions
PASSED                                                                   [  4%]
tests/unit/extraction/test_definition_extractor.py::test_definition_stores_segment_ids 
-------------------------------- live log call ---------------------------------
INFO     src.extraction.definition_extractor:definition_extractor.py:118 Extracted 1 metric definitions
PASSED                                                                   [  4%]
tests/unit/extraction/test_definition_extractor.py::test_definition_stores_raw_text 
-------------------------------- live log call ---------------------------------
INFO     src.extraction.definition_extractor:definition_extractor.py:118 Extracted 1 metric definitions
PASSED                                                                   [  4%]
tests/unit/extraction/test_definition_extractor.py::test_only_definition_no_methodology 
-------------------------------- live log call ---------------------------------
INFO     src.extraction.definition_extractor:definition_extractor.py:118 Extracted 1 metric definitions
PASSED                                                                   [  4%]
tests/unit/extraction/test_definition_extractor.py::test_only_methodology_no_definition 
-------------------------------- live log call ---------------------------------
INFO     src.extraction.definition_extractor:definition_extractor.py:118 Extracted 1 metric definitions
PASSED                                                                   [  4%]
tests/unit/extraction/test_definition_extractor.py::test_convenience_function 
-------------------------------- live log call ---------------------------------
INFO     src.extraction.definition_extractor:definition_extractor.py:118 Extracted 1 metric definitions
PASSED                                                                   [  4%]
tests/unit/extraction/test_definition_extractor.py::test_canonical_definitions_coverage PASSED [  4%]
tests/unit/extraction/test_definition_extractor.py::test_alignment_keyword_overlap_ratio PASSED [  4%]
tests/unit/extraction/test_definition_extractor.py::test_uses_first_definition_segment 
-------------------------------- live log call ---------------------------------
INFO     src.extraction.definition_extractor:definition_extractor.py:118 Extracted 1 metric definitions
PASSED                                                                   [  4%]
tests/unit/extraction/test_definition_extractor.py::TestDefinitionQuoteVerification::test_verified_quote_is_extracted 
-------------------------------- live log call ---------------------------------
INFO     src.extraction.definition_extractor:definition_extractor.py:246 Attempting LLM definition extraction for metric cm_daily_active_users
INFO     src.extraction.definition_extractor:definition_extractor.py:253 LLM definition extraction succeeded for cm_daily_active_users
INFO     src.extraction.definition_extractor:definition_extractor.py:118 Extracted 1 metric definitions
PASSED                                                                   [  4%]
tests/unit/extraction/test_definition_extractor.py::TestDefinitionQuoteVerification::test_unverified_quote_falls_back_to_rule_based 
-------------------------------- live log call ---------------------------------
INFO     src.extraction.definition_extractor:definition_extractor.py:246 Attempting LLM definition extraction for metric cm_daily_active_users
WARNING  src.extraction.definition_extractor:definition_extractor.py:366 Quote verification failed for definition extraction: cm_daily_active_users. Falling back to rule-based. Quote: 'This quote does not exist in the source at all'
INFO     src.extraction.definition_extractor:definition_extractor.py:256 LLM extraction returned no definition, falling back to rules
INFO     src.extraction.definition_extractor:definition_extractor.py:118 Extracted 1 metric definitions
PASSED                                                                   [  4%]
tests/unit/extraction/test_definition_extractor.py::TestDefinitionQuoteVerification::test_empty_quote_uses_llm_result 
-------------------------------- live log call ---------------------------------
INFO     src.extraction.definition_extractor:definition_extractor.py:246 Attempting LLM definition extraction for metric cm_daily_active_users
INFO     src.extraction.definition_extractor:definition_extractor.py:372 LLM returned empty quote for definition extraction: cm_daily_active_users - accepting without verification
INFO     src.extraction.definition_extractor:definition_extractor.py:253 LLM definition extraction succeeded for cm_daily_active_users
INFO     src.extraction.definition_extractor:definition_extractor.py:118 Extracted 1 metric definitions
PASSED                                                                   [  4%]
tests/unit/extraction/test_exceptions.py::TestHTMLParsingError::test_html_parsing_error_with_context PASSED [  4%]
tests/unit/extraction/test_exceptions.py::TestHTMLParsingError::test_html_parsing_error_without_context PASSED [  4%]
tests/unit/extraction/test_exceptions.py::TestEncodingError::test_encoding_error_with_full_context PASSED [  4%]
tests/unit/extraction/test_exceptions.py::TestEncodingError::test_encoding_error_defaults PASSED [  4%]
tests/unit/extraction/test_exceptions.py::TestValidationError::test_validation_error_with_field_context PASSED [  4%]
tests/unit/extraction/test_exceptions.py::TestValidationError::test_validation_error_without_context PASSED [  4%]
tests/unit/extraction/test_exceptions.py::TestExceptionHierarchy::test_all_extraction_errors_inherit_from_base PASSED [  4%]
tests/unit/extraction/test_extraction_pipeline.py::test_pipeline_initialization 
-------------------------------- live log setup --------------------------------
INFO     src.extraction.extraction_pipeline:extraction_pipeline.py:89 ✓ Pipeline initialized with rule-based extraction and enrichment
PASSED                                                                   [  4%]
tests/unit/extraction/test_extraction_pipeline.py::test_extraction_result_dataclass PASSED [  4%]
tests/unit/extraction/test_extraction_pipeline.py::test_extraction_result_with_error PASSED [  4%]
tests/unit/extraction/test_extraction_pipeline.py::test_process_filing_not_found 
-------------------------------- live log setup --------------------------------
INFO     src.extraction.extraction_pipeline:extraction_pipeline.py:89 ✓ Pipeline initialized with rule-based extraction and enrichment
-------------------------------- live log call ---------------------------------
INFO     src.extraction.extraction_pipeline:extraction_pipeline.py:110 Processing filing 999
PASSED                                                                   [  4%]
tests/unit/extraction/test_extraction_pipeline.py::test_process_filing_html_file_not_found 
-------------------------------- live log setup --------------------------------
INFO     src.extraction.extraction_pipeline:extraction_pipeline.py:89 ✓ Pipeline initialized with rule-based extraction and enrichment
-------------------------------- live log call ---------------------------------
INFO     src.extraction.extraction_pipeline:extraction_pipeline.py:110 Processing filing 1
ERROR    src.extraction.extraction_pipeline:extraction_pipeline.py:295 HTML file not found: /nonexistent/path.html
PASSED                                                                   [  4%]
tests/unit/extraction/test_extraction_pipeline.py::test_process_filing_no_segments_extracted 
-------------------------------- live log setup --------------------------------
INFO     src.extraction.extraction_pipeline:extraction_pipeline.py:89 ✓ Pipeline initialized with rule-based extraction and enrichment
-------------------------------- live log call ---------------------------------
INFO     src.extraction.extraction_pipeline:extraction_pipeline.py:110 Processing filing 1
INFO     src.extraction.extraction_pipeline:extraction_pipeline.py:123   Stage 1: Segmenting HTML
PASSED                                                                   [  5%]
tests/unit/extraction/test_extraction_pipeline.py::test_process_filing_successful 
-------------------------------- live log setup --------------------------------
INFO     src.extraction.extraction_pipeline:extraction_pipeline.py:89 ✓ Pipeline initialized with rule-based extraction and enrichment
-------------------------------- live log call ---------------------------------
INFO     src.extraction.extraction_pipeline:extraction_pipeline.py:110 Processing filing 1
INFO     src.extraction.extraction_pipeline:extraction_pipeline.py:123   Stage 1: Segmenting HTML
INFO     src.extraction.extraction_pipeline:extraction_pipeline.py:136   Stage 2: Classifying 1 segments
INFO     src.extraction.extraction_pipeline:extraction_pipeline.py:140   Stage 2b: Enriching 1 segments
INFO     src.extraction.segment_enricher:segment_enricher.py:717 Enrichment complete: segments=1 time=0.00s throughput=12220/s goldmines_t1=0 goldmines_t2=0 goldmines_t3=1 avg_score=3.90 temporal_rate=0.0% cohort_rate=0.0% saas_rate=0.0% retention_rate=0.0% usage_rate=0.0% definition_rate=100.0%
INFO     src.extraction.extraction_pipeline:extraction_pipeline.py:144   Stage 2c: Selecting segments via tiered prioritization
INFO     src.extraction.extraction_pipeline:extraction_pipeline.py:394   Selected: 0 high-richness, 0 medium-richness, 1 critical (total: 1)
INFO     src.extraction.extraction_pipeline:extraction_pipeline.py:150   Identified 0 goldmine segments in 0 clusters
INFO     src.extraction.extraction_pipeline:extraction_pipeline.py:153   Stage 3: Extracting values from 1 segments
INFO     src.extraction.extraction_pipeline:extraction_pipeline.py:162   Stage 4: Extracting definitions from 1 segments
INFO     src.extraction.extraction_pipeline:extraction_pipeline.py:168   Stage 5: Computing quality scores
INFO     src.extraction.extraction_pipeline:extraction_pipeline.py:178   Stage 6: Writing to database
INFO     src.extraction.extraction_pipeline:extraction_pipeline.py:615     Inserted 1 source segments
INFO     src.extraction.extraction_pipeline:extraction_pipeline.py:616     Inserted 1 metric values
INFO     src.extraction.extraction_pipeline:extraction_pipeline.py:617     Inserted 1 metric definitions
INFO     src.extraction.extraction_pipeline:extraction_pipeline.py:618     Inserted 1 filing-metric incidences
INFO     src.extraction.extraction_pipeline:extraction_pipeline.py:183 ✓ Successfully processed filing 1
INFO     src.extraction.extraction_pipeline:extraction_pipeline.py:184     Total segments: 1, Selected: 1, Goldmines: 0, Values: 1, Definitions: 1, Incidences: 1
PASSED                                                                   [  5%]
tests/unit/extraction/test_extraction_pipeline.py::test_process_filing_exception_handling 
-------------------------------- live log setup --------------------------------
INFO     src.extraction.extraction_pipeline:extraction_pipeline.py:89 ✓ Pipeline initialized with rule-based extraction and enrichment
-------------------------------- live log call ---------------------------------
INFO     src.extraction.extraction_pipeline:extraction_pipeline.py:110 Processing filing 1
CRITICAL src.extraction.extraction_pipeline:extraction_pipeline.py:215 ✗ Unexpected error processing filing 1: Exception: Database error
Traceback (most recent call last):
  File "/Users/rgmarkey/Library/CloudStorage/OneDrive-CMASB/Analytics/Filings Analysis/Filings review tool/filings_reviewer/src/extraction/extraction_pipeline.py", line 114, in process_filing
    filing = self._get_filing_metadata(filing_id)
             ^^^^^^^^^^^^^^^^^^^^^^^^^^^^^^^^^^^^
  File "/Users/rgmarkey/Library/CloudStorage/OneDrive-CMASB/Analytics/Filings Analysis/Filings review tool/filings_reviewer/src/extraction/extraction_pipeline.py", line 276, in _get_filing_metadata
    result = self.db.query(
             ^^^^^^^^^^^^^^
  File "/Library/Frameworks/Python.framework/Versions/3.11/lib/python3.11/unittest/mock.py", line 1124, in __call__
    return self._mock_call(*args, **kwargs)
           ^^^^^^^^^^^^^^^^^^^^^^^^^^^^^^^^
  File "/Library/Frameworks/Python.framework/Versions/3.11/lib/python3.11/unittest/mock.py", line 1128, in _mock_call
    return self._execute_mock_call(*args, **kwargs)
           ^^^^^^^^^^^^^^^^^^^^^^^^^^^^^^^^^^^^^^^^
  File "/Library/Frameworks/Python.framework/Versions/3.11/lib/python3.11/unittest/mock.py", line 1183, in _execute_mock_call
    raise effect
Exception: Database error
PASSED                                                                   [  5%]
tests/unit/extraction/test_extraction_pipeline.py::test_process_batch_empty_list 
-------------------------------- live log setup --------------------------------
INFO     src.extraction.extraction_pipeline:extraction_pipeline.py:89 ✓ Pipeline initialized with rule-based extraction and enrichment
-------------------------------- live log call ---------------------------------
INFO     src.extraction.extraction_pipeline:extraction_pipeline.py:232 Processing batch of 0 filings
INFO     src.extraction.extraction_pipeline:extraction_pipeline.py:259 
INFO     src.extraction.extraction_pipeline:extraction_pipeline.py:260 ================================================================================
INFO     src.extraction.extraction_pipeline:extraction_pipeline.py:261 Batch Processing Summary
INFO     src.extraction.extraction_pipeline:extraction_pipeline.py:262 ================================================================================
INFO     src.extraction.extraction_pipeline:extraction_pipeline.py:263 Total filings: 0
INFO     src.extraction.extraction_pipeline:extraction_pipeline.py:264 Successful: 0
INFO     src.extraction.extraction_pipeline:extraction_pipeline.py:265 Failed: 0
INFO     src.extraction.extraction_pipeline:extraction_pipeline.py:266 Total segments: 0
INFO     src.extraction.extraction_pipeline:extraction_pipeline.py:267 Total values: 0
INFO     src.extraction.extraction_pipeline:extraction_pipeline.py:268 Total definitions: 0
INFO     src.extraction.extraction_pipeline:extraction_pipeline.py:269 Total incidences: 0
INFO     src.extraction.extraction_pipeline:extraction_pipeline.py:270 ================================================================================
PASSED                                                                   [  5%]
tests/unit/extraction/test_extraction_pipeline.py::test_process_batch_multiple_filings 
-------------------------------- live log setup --------------------------------
INFO     src.extraction.extraction_pipeline:extraction_pipeline.py:89 ✓ Pipeline initialized with rule-based extraction and enrichment
-------------------------------- live log call ---------------------------------
INFO     src.extraction.extraction_pipeline:extraction_pipeline.py:232 Processing batch of 2 filings
INFO     src.extraction.extraction_pipeline:extraction_pipeline.py:245 [1/2] Processing filing 1
INFO     src.extraction.extraction_pipeline:extraction_pipeline.py:245 [2/2] Processing filing 2
ERROR    src.extraction.extraction_pipeline:extraction_pipeline.py:257   Failed: Processing failed
INFO     src.extraction.extraction_pipeline:extraction_pipeline.py:259 
INFO     src.extraction.extraction_pipeline:extraction_pipeline.py:260 ================================================================================
INFO     src.extraction.extraction_pipeline:extraction_pipeline.py:261 Batch Processing Summary
INFO     src.extraction.extraction_pipeline:extraction_pipeline.py:262 ================================================================================
INFO     src.extraction.extraction_pipeline:extraction_pipeline.py:263 Total filings: 2
INFO     src.extraction.extraction_pipeline:extraction_pipeline.py:264 Successful: 1
INFO     src.extraction.extraction_pipeline:extraction_pipeline.py:265 Failed: 1
INFO     src.extraction.extraction_pipeline:extraction_pipeline.py:266 Total segments: 10
INFO     src.extraction.extraction_pipeline:extraction_pipeline.py:267 Total values: 5
INFO     src.extraction.extraction_pipeline:extraction_pipeline.py:268 Total definitions: 2
INFO     src.extraction.extraction_pipeline:extraction_pipeline.py:269 Total incidences: 3
INFO     src.extraction.extraction_pipeline:extraction_pipeline.py:270 ================================================================================
PASSED                                                                   [  5%]
tests/unit/extraction/test_extraction_pipeline.py::test_process_batch_all_successful 
-------------------------------- live log setup --------------------------------
INFO     src.extraction.extraction_pipeline:extraction_pipeline.py:89 ✓ Pipeline initialized with rule-based extraction and enrichment
-------------------------------- live log call ---------------------------------
INFO     src.extraction.extraction_pipeline:extraction_pipeline.py:232 Processing batch of 3 filings
INFO     src.extraction.extraction_pipeline:extraction_pipeline.py:245 [1/3] Processing filing 1
INFO     src.extraction.extraction_pipeline:extraction_pipeline.py:245 [2/3] Processing filing 2
INFO     src.extraction.extraction_pipeline:extraction_pipeline.py:245 [3/3] Processing filing 3
INFO     src.extraction.extraction_pipeline:extraction_pipeline.py:259 
INFO     src.extraction.extraction_pipeline:extraction_pipeline.py:260 ================================================================================
INFO     src.extraction.extraction_pipeline:extraction_pipeline.py:261 Batch Processing Summary
INFO     src.extraction.extraction_pipeline:extraction_pipeline.py:262 ================================================================================
INFO     src.extraction.extraction_pipeline:extraction_pipeline.py:263 Total filings: 3
INFO     src.extraction.extraction_pipeline:extraction_pipeline.py:264 Successful: 3
INFO     src.extraction.extraction_pipeline:extraction_pipeline.py:265 Failed: 0
INFO     src.extraction.extraction_pipeline:extraction_pipeline.py:266 Total segments: 15
INFO     src.extraction.extraction_pipeline:extraction_pipeline.py:267 Total values: 6
INFO     src.extraction.extraction_pipeline:extraction_pipeline.py:268 Total definitions: 3
INFO     src.extraction.extraction_pipeline:extraction_pipeline.py:269 Total incidences: 3
INFO     src.extraction.extraction_pipeline:extraction_pipeline.py:270 ================================================================================
PASSED                                                                   [  5%]
tests/unit/extraction/test_extraction_pipeline.py::test_process_batch_all_failed 
-------------------------------- live log setup --------------------------------
INFO     src.extraction.extraction_pipeline:extraction_pipeline.py:89 ✓ Pipeline initialized with rule-based extraction and enrichment
-------------------------------- live log call ---------------------------------
INFO     src.extraction.extraction_pipeline:extraction_pipeline.py:232 Processing batch of 3 filings
INFO     src.extraction.extraction_pipeline:extraction_pipeline.py:245 [1/3] Processing filing 1
ERROR    src.extraction.extraction_pipeline:extraction_pipeline.py:257   Failed: Failed
INFO     src.extraction.extraction_pipeline:extraction_pipeline.py:245 [2/3] Processing filing 2
ERROR    src.extraction.extraction_pipeline:extraction_pipeline.py:257   Failed: Failed
INFO     src.extraction.extraction_pipeline:extraction_pipeline.py:245 [3/3] Processing filing 3
ERROR    src.extraction.extraction_pipeline:extraction_pipeline.py:257   Failed: Failed
INFO     src.extraction.extraction_pipeline:extraction_pipeline.py:259 
INFO     src.extraction.extraction_pipeline:extraction_pipeline.py:260 ================================================================================
INFO     src.extraction.extraction_pipeline:extraction_pipeline.py:261 Batch Processing Summary
INFO     src.extraction.extraction_pipeline:extraction_pipeline.py:262 ================================================================================
INFO     src.extraction.extraction_pipeline:extraction_pipeline.py:263 Total filings: 3
INFO     src.extraction.extraction_pipeline:extraction_pipeline.py:264 Successful: 0
INFO     src.extraction.extraction_pipeline:extraction_pipeline.py:265 Failed: 3
INFO     src.extraction.extraction_pipeline:extraction_pipeline.py:266 Total segments: 0
INFO     src.extraction.extraction_pipeline:extraction_pipeline.py:267 Total values: 0
INFO     src.extraction.extraction_pipeline:extraction_pipeline.py:268 Total definitions: 0
INFO     src.extraction.extraction_pipeline:extraction_pipeline.py:269 Total incidences: 0
INFO     src.extraction.extraction_pipeline:extraction_pipeline.py:270 ================================================================================
PASSED                                                                   [  5%]
tests/unit/extraction/test_extraction_pipeline.py::test_get_filing_metadata 
-------------------------------- live log setup --------------------------------
INFO     src.extraction.extraction_pipeline:extraction_pipeline.py:89 ✓ Pipeline initialized with rule-based extraction and enrichment
PASSED                                                                   [  5%]
tests/unit/extraction/test_extraction_pipeline.py::test_get_filing_metadata_not_found 
-------------------------------- live log setup --------------------------------
INFO     src.extraction.extraction_pipeline:extraction_pipeline.py:89 ✓ Pipeline initialized with rule-based extraction and enrichment
PASSED                                                                   [  5%]
tests/unit/extraction/test_extraction_pipeline.py::test_get_filing_metadata_file_missing 
-------------------------------- live log setup --------------------------------
INFO     src.extraction.extraction_pipeline:extraction_pipeline.py:89 ✓ Pipeline initialized with rule-based extraction and enrichment
-------------------------------- live log call ---------------------------------
ERROR    src.extraction.extraction_pipeline:extraction_pipeline.py:295 HTML file not found: /nonexistent/file.html
PASSED                                                                   [  5%]
tests/unit/extraction/test_extraction_pipeline.py::test_get_filing_metadata_null_path 
-------------------------------- live log setup --------------------------------
INFO     src.extraction.extraction_pipeline:extraction_pipeline.py:89 ✓ Pipeline initialized with rule-based extraction and enrichment
-------------------------------- live log call ---------------------------------
ERROR    src.extraction.extraction_pipeline:extraction_pipeline.py:295 HTML file not found: None
PASSED                                                                   [  5%]
tests/unit/extraction/test_extraction_pipeline.py::test_write_results_transaction 
-------------------------------- live log setup --------------------------------
INFO     src.extraction.extraction_pipeline:extraction_pipeline.py:89 ✓ Pipeline initialized with rule-based extraction and enrichment
-------------------------------- live log call ---------------------------------
INFO     src.extraction.extraction_pipeline:extraction_pipeline.py:615     Inserted 1 source segments
INFO     src.extraction.extraction_pipeline:extraction_pipeline.py:616     Inserted 0 metric values
INFO     src.extraction.extraction_pipeline:extraction_pipeline.py:617     Inserted 0 metric definitions
INFO     src.extraction.extraction_pipeline:extraction_pipeline.py:618     Inserted 0 filing-metric incidences
PASSED                                                                   [  5%]
tests/unit/extraction/test_extraction_pipeline.py::test_pipeline_components_integration 
-------------------------------- live log setup --------------------------------
INFO     src.extraction.extraction_pipeline:extraction_pipeline.py:89 ✓ Pipeline initialized with rule-based extraction and enrichment
PASSED                                                                   [  5%]
tests/unit/extraction/test_extraction_pipeline.py::test_enrichment_called_after_classification 
-------------------------------- live log setup --------------------------------
INFO     src.extraction.extraction_pipeline:extraction_pipeline.py:89 ✓ Pipeline initialized with rule-based extraction and enrichment
-------------------------------- live log call ---------------------------------
INFO     src.extraction.extraction_pipeline:extraction_pipeline.py:110 Processing filing 1
INFO     src.extraction.extraction_pipeline:extraction_pipeline.py:123   Stage 1: Segmenting HTML
INFO     src.extraction.extraction_pipeline:extraction_pipeline.py:136   Stage 2: Classifying 1 segments
INFO     src.extraction.extraction_pipeline:extraction_pipeline.py:140   Stage 2b: Enriching 1 segments
INFO     src.extraction.extraction_pipeline:extraction_pipeline.py:144   Stage 2c: Selecting segments via tiered prioritization
INFO     src.extraction.extraction_pipeline:extraction_pipeline.py:394   Selected: 0 high-richness, 0 medium-richness, 0 critical (total: 0)
INFO     src.extraction.extraction_pipeline:extraction_pipeline.py:150   Identified 0 goldmine segments in 0 clusters
INFO     src.extraction.extraction_pipeline:extraction_pipeline.py:153   Stage 3: Extracting values from 0 segments
INFO     src.extraction.extraction_pipeline:extraction_pipeline.py:162   Stage 4: Extracting definitions from 0 segments
INFO     src.extraction.extraction_pipeline:extraction_pipeline.py:168   Stage 5: Computing quality scores
INFO     src.extraction.extraction_pipeline:extraction_pipeline.py:178   Stage 6: Writing to database
INFO     src.extraction.extraction_pipeline:extraction_pipeline.py:615     Inserted 0 source segments
INFO     src.extraction.extraction_pipeline:extraction_pipeline.py:616     Inserted 0 metric values
INFO     src.extraction.extraction_pipeline:extraction_pipeline.py:617     Inserted 0 metric definitions
INFO     src.extraction.extraction_pipeline:extraction_pipeline.py:618     Inserted 0 filing-metric incidences
INFO     src.extraction.extraction_pipeline:extraction_pipeline.py:183 ✓ Successfully processed filing 1
INFO     src.extraction.extraction_pipeline:extraction_pipeline.py:184     Total segments: 1, Selected: 0, Goldmines: 0, Values: 0, Definitions: 0, Incidences: 0
PASSED                                                                   [  5%]
tests/unit/extraction/test_extraction_pipeline.py::test_segments_have_richness_scores_after_processing 
-------------------------------- live log setup --------------------------------
INFO     src.extraction.extraction_pipeline:extraction_pipeline.py:89 ✓ Pipeline initialized with rule-based extraction and enrichment
-------------------------------- live log call ---------------------------------
INFO     src.extraction.extraction_pipeline:extraction_pipeline.py:110 Processing filing 1
INFO     src.extraction.extraction_pipeline:extraction_pipeline.py:123   Stage 1: Segmenting HTML
INFO     src.extraction.extraction_pipeline:extraction_pipeline.py:136   Stage 2: Classifying 1 segments
INFO     src.extraction.extraction_pipeline:extraction_pipeline.py:140   Stage 2b: Enriching 1 segments
INFO     src.extraction.segment_enricher:segment_enricher.py:717 Enrichment complete: segments=1 time=0.00s throughput=9317/s goldmines_t1=0 goldmines_t2=1 goldmines_t3=0 avg_score=4.95 temporal_rate=100.0% cohort_rate=0.0% saas_rate=0.0% retention_rate=0.0% usage_rate=100.0% definition_rate=0.0%
INFO     src.extraction.extraction_pipeline:extraction_pipeline.py:144   Stage 2c: Selecting segments via tiered prioritization
INFO     src.extraction.extraction_pipeline:extraction_pipeline.py:394   Selected: 0 high-richness, 1 medium-richness, 0 critical (total: 1)
INFO     src.extraction.extraction_pipeline:extraction_pipeline.py:150   Identified 0 goldmine segments in 0 clusters
INFO     src.extraction.extraction_pipeline:extraction_pipeline.py:153   Stage 3: Extracting values from 1 segments
INFO     src.extraction.extraction_pipeline:extraction_pipeline.py:162   Stage 4: Extracting definitions from 1 segments
INFO     src.extraction.extraction_pipeline:extraction_pipeline.py:168   Stage 5: Computing quality scores
INFO     src.extraction.extraction_pipeline:extraction_pipeline.py:178   Stage 6: Writing to database
INFO     src.extraction.extraction_pipeline:extraction_pipeline.py:615     Inserted 1 source segments
INFO     src.extraction.extraction_pipeline:extraction_pipeline.py:616     Inserted 0 metric values
INFO     src.extraction.extraction_pipeline:extraction_pipeline.py:617     Inserted 0 metric definitions
INFO     src.extraction.extraction_pipeline:extraction_pipeline.py:618     Inserted 0 filing-metric incidences
INFO     src.extraction.extraction_pipeline:extraction_pipeline.py:183 ✓ Successfully processed filing 1
INFO     src.extraction.extraction_pipeline:extraction_pipeline.py:184     Total segments: 1, Selected: 1, Goldmines: 0, Values: 0, Definitions: 0, Incidences: 0
PASSED                                                                   [  5%]
tests/unit/extraction/test_extraction_pipeline.py::test_enrichment_failure_doesnt_crash_pipeline 
-------------------------------- live log setup --------------------------------
INFO     src.extraction.extraction_pipeline:extraction_pipeline.py:89 ✓ Pipeline initialized with rule-based extraction and enrichment
-------------------------------- live log call ---------------------------------
INFO     src.extraction.extraction_pipeline:extraction_pipeline.py:110 Processing filing 1
INFO     src.extraction.extraction_pipeline:extraction_pipeline.py:123   Stage 1: Segmenting HTML
INFO     src.extraction.extraction_pipeline:extraction_pipeline.py:136   Stage 2: Classifying 1 segments
INFO     src.extraction.extraction_pipeline:extraction_pipeline.py:140   Stage 2b: Enriching 1 segments
CRITICAL src.extraction.extraction_pipeline:extraction_pipeline.py:215 ✗ Unexpected error processing filing 1: Exception: Enrichment failed
Traceback (most recent call last):
  File "/Users/rgmarkey/Library/CloudStorage/OneDrive-CMASB/Analytics/Filings Analysis/Filings review tool/filings_reviewer/src/extraction/extraction_pipeline.py", line 141, in process_filing
    self.enricher.enrich_batch(classified_segments)  # mutates in place
    ^^^^^^^^^^^^^^^^^^^^^^^^^^^^^^^^^^^^^^^^^^^^^^^
  File "/Library/Frameworks/Python.framework/Versions/3.11/lib/python3.11/unittest/mock.py", line 1124, in __call__
    return self._mock_call(*args, **kwargs)
           ^^^^^^^^^^^^^^^^^^^^^^^^^^^^^^^^
  File "/Library/Frameworks/Python.framework/Versions/3.11/lib/python3.11/unittest/mock.py", line 1128, in _mock_call
    return self._execute_mock_call(*args, **kwargs)
           ^^^^^^^^^^^^^^^^^^^^^^^^^^^^^^^^^^^^^^^^
  File "/Library/Frameworks/Python.framework/Versions/3.11/lib/python3.11/unittest/mock.py", line 1183, in _execute_mock_call
    raise effect
Exception: Enrichment failed
PASSED                                                                   [  5%]
tests/unit/extraction/test_extraction_pipeline.py::test_tiered_selection_prioritizes_goldmines 
-------------------------------- live log setup --------------------------------
INFO     src.extraction.extraction_pipeline:extraction_pipeline.py:89 ✓ Pipeline initialized with rule-based extraction and enrichment
-------------------------------- live log call ---------------------------------
INFO     src.extraction.extraction_pipeline:extraction_pipeline.py:394   Selected: 1 high-richness, 1 medium-richness, 0 critical (total: 2)
PASSED                                                                   [  5%]
tests/unit/extraction/test_extraction_pipeline.py::test_tiered_selection_includes_medium_richness 
-------------------------------- live log setup --------------------------------
INFO     src.extraction.extraction_pipeline:extraction_pipeline.py:89 ✓ Pipeline initialized with rule-based extraction and enrichment
-------------------------------- live log call ---------------------------------
INFO     src.extraction.extraction_pipeline:extraction_pipeline.py:394   Selected: 1 high-richness, 2 medium-richness, 0 critical (total: 3)
PASSED                                                                   [  5%]
tests/unit/extraction/test_extraction_pipeline.py::test_tiered_selection_includes_critical_flags 
-------------------------------- live log setup --------------------------------
INFO     src.extraction.extraction_pipeline:extraction_pipeline.py:89 ✓ Pipeline initialized with rule-based extraction and enrichment
-------------------------------- live log call ---------------------------------
INFO     src.extraction.extraction_pipeline:extraction_pipeline.py:394   Selected: 0 high-richness, 0 medium-richness, 2 critical (total: 2)
PASSED                                                                   [  5%]
tests/unit/extraction/test_extraction_pipeline.py::test_tiered_selection_caps_at_80 
-------------------------------- live log setup --------------------------------
INFO     src.extraction.extraction_pipeline:extraction_pipeline.py:89 ✓ Pipeline initialized with rule-based extraction and enrichment
-------------------------------- live log call ---------------------------------
INFO     src.extraction.extraction_pipeline:extraction_pipeline.py:394   Selected: 30 high-richness, 0 medium-richness, 0 critical (total: 30)
PASSED                                                                   [  5%]
tests/unit/extraction/test_extraction_pipeline.py::test_tiered_selection_deduplicates 
-------------------------------- live log setup --------------------------------
INFO     src.extraction.extraction_pipeline:extraction_pipeline.py:89 ✓ Pipeline initialized with rule-based extraction and enrichment
-------------------------------- live log call ---------------------------------
INFO     src.extraction.extraction_pipeline:extraction_pipeline.py:394   Selected: 1 high-richness, 1 medium-richness, 0 critical (total: 2)
PASSED                                                                   [  5%]
tests/unit/extraction/test_extraction_pipeline.py::test_tiered_selection_empty_segments 
-------------------------------- live log setup --------------------------------
INFO     src.extraction.extraction_pipeline:extraction_pipeline.py:89 ✓ Pipeline initialized with rule-based extraction and enrichment
-------------------------------- live log call ---------------------------------
INFO     src.extraction.extraction_pipeline:extraction_pipeline.py:394   Selected: 0 high-richness, 0 medium-richness, 0 critical (total: 0)
PASSED                                                                   [  5%]
tests/unit/extraction/test_extraction_pipeline.py::test_tiered_selection_all_low_richness 
-------------------------------- live log setup --------------------------------
INFO     src.extraction.extraction_pipeline:extraction_pipeline.py:89 ✓ Pipeline initialized with rule-based extraction and enrichment
-------------------------------- live log call ---------------------------------
INFO     src.extraction.extraction_pipeline:extraction_pipeline.py:394   Selected: 0 high-richness, 0 medium-richness, 0 critical (total: 0)
PASSED                                                                   [  5%]
tests/unit/extraction/test_extraction_pipeline.py::test_tiered_selection_none_richness_scores 
-------------------------------- live log setup --------------------------------
INFO     src.extraction.extraction_pipeline:extraction_pipeline.py:89 ✓ Pipeline initialized with rule-based extraction and enrichment
-------------------------------- live log call ---------------------------------
INFO     src.extraction.extraction_pipeline:extraction_pipeline.py:394   Selected: 1 high-richness, 0 medium-richness, 0 critical (total: 1)
PASSED                                                                   [  5%]
tests/unit/extraction/test_extraction_pipeline.py::test_goldmine_count_logged 
-------------------------------- live log setup --------------------------------
INFO     src.extraction.extraction_pipeline:extraction_pipeline.py:89 ✓ Pipeline initialized with rule-based extraction and enrichment
-------------------------------- live log call ---------------------------------
INFO     src.extraction.extraction_pipeline:extraction_pipeline.py:110 Processing filing 1
INFO     src.extraction.extraction_pipeline:extraction_pipeline.py:123   Stage 1: Segmenting HTML
INFO     src.extraction.extraction_pipeline:extraction_pipeline.py:136   Stage 2: Classifying 1 segments
INFO     src.extraction.extraction_pipeline:extraction_pipeline.py:140   Stage 2b: Enriching 1 segments
INFO     src.extraction.segment_enricher:segment_enricher.py:717 Enrichment complete: segments=1 time=0.00s throughput=8296/s goldmines_t1=1 goldmines_t2=0 goldmines_t3=0 avg_score=6.95 temporal_rate=100.0% cohort_rate=0.0% saas_rate=0.0% retention_rate=0.0% usage_rate=100.0% definition_rate=100.0%
INFO     src.extraction.extraction_pipeline:extraction_pipeline.py:144   Stage 2c: Selecting segments via tiered prioritization
INFO     src.extraction.extraction_pipeline:extraction_pipeline.py:394   Selected: 1 high-richness, 0 medium-richness, 0 critical (total: 1)
INFO     src.extraction.extraction_pipeline:extraction_pipeline.py:150   Identified 1 goldmine segments in 1 clusters
INFO     src.extraction.extraction_pipeline:extraction_pipeline.py:153   Stage 3: Extracting values from 1 segments
INFO     src.extraction.extraction_pipeline:extraction_pipeline.py:162   Stage 4: Extracting definitions from 1 segments
INFO     src.extraction.extraction_pipeline:extraction_pipeline.py:168   Stage 5: Computing quality scores
INFO     src.extraction.extraction_pipeline:extraction_pipeline.py:178   Stage 6: Writing to database
INFO     src.extraction.extraction_pipeline:extraction_pipeline.py:615     Inserted 1 source segments
INFO     src.extraction.extraction_pipeline:extraction_pipeline.py:616     Inserted 0 metric values
INFO     src.extraction.extraction_pipeline:extraction_pipeline.py:617     Inserted 0 metric definitions
INFO     src.extraction.extraction_pipeline:extraction_pipeline.py:618     Inserted 0 filing-metric incidences
INFO     src.extraction.extraction_pipeline:extraction_pipeline.py:183 ✓ Successfully processed filing 1
INFO     src.extraction.extraction_pipeline:extraction_pipeline.py:184     Total segments: 1, Selected: 1, Goldmines: 1, Values: 0, Definitions: 0, Incidences: 0
PASSED                                                                   [  5%]
tests/unit/extraction/test_extraction_pipeline.py::test_no_goldmines_logs_zero 
-------------------------------- live log setup --------------------------------
INFO     src.extraction.extraction_pipeline:extraction_pipeline.py:89 ✓ Pipeline initialized with rule-based extraction and enrichment
-------------------------------- live log call ---------------------------------
INFO     src.extraction.extraction_pipeline:extraction_pipeline.py:110 Processing filing 1
INFO     src.extraction.extraction_pipeline:extraction_pipeline.py:123   Stage 1: Segmenting HTML
INFO     src.extraction.extraction_pipeline:extraction_pipeline.py:136   Stage 2: Classifying 1 segments
INFO     src.extraction.extraction_pipeline:extraction_pipeline.py:140   Stage 2b: Enriching 1 segments
INFO     src.extraction.segment_enricher:segment_enricher.py:717 Enrichment complete: segments=1 time=0.00s throughput=19528/s goldmines_t1=0 goldmines_t2=0 goldmines_t3=0 avg_score=1.90 temporal_rate=0.0% cohort_rate=0.0% saas_rate=0.0% retention_rate=0.0% usage_rate=0.0% definition_rate=100.0%
INFO     src.extraction.extraction_pipeline:extraction_pipeline.py:144   Stage 2c: Selecting segments via tiered prioritization
INFO     src.extraction.extraction_pipeline:extraction_pipeline.py:394   Selected: 0 high-richness, 0 medium-richness, 1 critical (total: 1)
INFO     src.extraction.extraction_pipeline:extraction_pipeline.py:150   Identified 0 goldmine segments in 0 clusters
INFO     src.extraction.extraction_pipeline:extraction_pipeline.py:153   Stage 3: Extracting values from 1 segments
INFO     src.extraction.extraction_pipeline:extraction_pipeline.py:162   Stage 4: Extracting definitions from 1 segments
INFO     src.extraction.extraction_pipeline:extraction_pipeline.py:168   Stage 5: Computing quality scores
INFO     src.extraction.extraction_pipeline:extraction_pipeline.py:178   Stage 6: Writing to database
INFO     src.extraction.extraction_pipeline:extraction_pipeline.py:615     Inserted 1 source segments
INFO     src.extraction.extraction_pipeline:extraction_pipeline.py:616     Inserted 0 metric values
INFO     src.extraction.extraction_pipeline:extraction_pipeline.py:617     Inserted 0 metric definitions
INFO     src.extraction.extraction_pipeline:extraction_pipeline.py:618     Inserted 0 filing-metric incidences
INFO     src.extraction.extraction_pipeline:extraction_pipeline.py:183 ✓ Successfully processed filing 1
INFO     src.extraction.extraction_pipeline:extraction_pipeline.py:184     Total segments: 1, Selected: 1, Goldmines: 0, Values: 0, Definitions: 0, Incidences: 0
PASSED                                                                   [  5%]
tests/unit/extraction/test_extraction_pipeline.py::test_pipeline_still_completes_successfully_with_enrichment 
-------------------------------- live log setup --------------------------------
INFO     src.extraction.extraction_pipeline:extraction_pipeline.py:89 ✓ Pipeline initialized with rule-based extraction and enrichment
-------------------------------- live log call ---------------------------------
INFO     src.extraction.extraction_pipeline:extraction_pipeline.py:110 Processing filing 1
INFO     src.extraction.extraction_pipeline:extraction_pipeline.py:123   Stage 1: Segmenting HTML
INFO     src.extraction.extraction_pipeline:extraction_pipeline.py:136   Stage 2: Classifying 5 segments
INFO     src.extraction.extraction_pipeline:extraction_pipeline.py:140   Stage 2b: Enriching 5 segments
INFO     src.extraction.segment_enricher:segment_enricher.py:717 Enrichment complete: segments=5 time=0.00s throughput=12913/s goldmines_t1=0 goldmines_t2=5 goldmines_t3=0 avg_score=4.60 temporal_rate=100.0% cohort_rate=0.0% saas_rate=0.0% retention_rate=0.0% usage_rate=0.0% definition_rate=100.0%
INFO     src.extraction.extraction_pipeline:extraction_pipeline.py:144   Stage 2c: Selecting segments via tiered prioritization
INFO     src.extraction.extraction_pipeline:extraction_pipeline.py:394   Selected: 0 high-richness, 5 medium-richness, 0 critical (total: 5)
INFO     src.extraction.extraction_pipeline:extraction_pipeline.py:150   Identified 0 goldmine segments in 0 clusters
INFO     src.extraction.extraction_pipeline:extraction_pipeline.py:153   Stage 3: Extracting values from 5 segments
INFO     src.extraction.extraction_pipeline:extraction_pipeline.py:162   Stage 4: Extracting definitions from 5 segments
INFO     src.extraction.extraction_pipeline:extraction_pipeline.py:168   Stage 5: Computing quality scores
INFO     src.extraction.extraction_pipeline:extraction_pipeline.py:178   Stage 6: Writing to database
INFO     src.extraction.extraction_pipeline:extraction_pipeline.py:615     Inserted 5 source segments
INFO     src.extraction.extraction_pipeline:extraction_pipeline.py:616     Inserted 5 metric values
INFO     src.extraction.extraction_pipeline:extraction_pipeline.py:617     Inserted 1 metric definitions
INFO     src.extraction.extraction_pipeline:extraction_pipeline.py:618     Inserted 1 filing-metric incidences
INFO     src.extraction.extraction_pipeline:extraction_pipeline.py:183 ✓ Successfully processed filing 1
INFO     src.extraction.extraction_pipeline:extraction_pipeline.py:184     Total segments: 5, Selected: 5, Goldmines: 0, Values: 5, Definitions: 1, Incidences: 1
PASSED                                                                   [  5%]
tests/unit/extraction/test_extraction_validation.py::TestNormalizeUnit::test_normalize_dollar_sign PASSED [  5%]
tests/unit/extraction/test_extraction_validation.py::TestNormalizeUnit::test_normalize_usd PASSED [  5%]
tests/unit/extraction/test_extraction_validation.py::TestNormalizeUnit::test_normalize_percent PASSED [  5%]
tests/unit/extraction/test_extraction_validation.py::TestNormalizeUnit::test_normalize_none PASSED [  5%]
tests/unit/extraction/test_extraction_validation.py::TestNormalizeUnit::test_normalize_passthrough PASSED [  5%]
tests/unit/extraction/test_extraction_validation.py::TestValidateUnit::test_cac_with_dollars_passes PASSED [  5%]
tests/unit/extraction/test_extraction_validation.py::TestValidateUnit::test_cac_with_percent_fails PASSED [  5%]
tests/unit/extraction/test_extraction_validation.py::TestValidateUnit::test_retention_with_percent_passes PASSED [  5%]
tests/unit/extraction/test_extraction_validation.py::TestValidateUnit::test_retention_with_dollars_fails PASSED [  6%]
tests/unit/extraction/test_extraction_validation.py::TestValidateUnit::test_nrr_with_percent_passes PASSED [  6%]
tests/unit/extraction/test_extraction_validation.py::TestValidateUnit::test_customer_count_with_count_passes PASSED [  6%]
tests/unit/extraction/test_extraction_validation.py::TestValidateUnit::test_customer_count_with_millions_passes PASSED [  6%]
tests/unit/extraction/test_extraction_validation.py::TestValidateUnit::test_unknown_metric_passes PASSED [  6%]
tests/unit/extraction/test_extraction_validation.py::TestValidateUnit::test_none_unit_passes PASSED [  6%]
tests/unit/extraction/test_extraction_validation.py::TestValidateRange::test_retention_in_range_passes PASSED [  6%]
tests/unit/extraction/test_extraction_validation.py::TestValidateRange::test_retention_over_100_fails PASSED [  6%]
tests/unit/extraction/test_extraction_validation.py::TestValidateRange::test_nrr_over_100_passes PASSED [  6%]
tests/unit/extraction/test_extraction_validation.py::TestValidateRange::test_churn_rate_valid PASSED [  6%]
tests/unit/extraction/test_extraction_validation.py::TestValidateRange::test_churn_rate_over_100_fails PASSED [  6%]
tests/unit/extraction/test_extraction_validation.py::TestValidateRange::test_ltv_cac_ratio_valid PASSED [  6%]
tests/unit/extraction/test_extraction_validation.py::TestValidateRange::test_ltv_cac_ratio_extreme_fails PASSED [  6%]
tests/unit/extraction/test_extraction_validation.py::TestValidateRange::test_unknown_metric_passes PASSED [  6%]
tests/unit/extraction/test_extraction_validation.py::TestValidateKeywordInSource::test_cac_keyword_present PASSED [  6%]
tests/unit/extraction/test_extraction_validation.py::TestValidateKeywordInSource::test_cac_abbreviation_present PASSED [  6%]
tests/unit/extraction/test_extraction_validation.py::TestValidateKeywordInSource::test_cac_keyword_missing PASSED [  6%]
tests/unit/extraction/test_extraction_validation.py::TestValidateKeywordInSource::test_retention_keyword_present PASSED [  6%]
tests/unit/extraction/test_extraction_validation.py::TestValidateKeywordInSource::test_nrr_keyword_present PASSED [  6%]
tests/unit/extraction/test_extraction_validation.py::TestValidateKeywordInSource::test_nrr_abbreviation_present PASSED [  6%]
tests/unit/extraction/test_extraction_validation.py::TestValidateKeywordInSource::test_new_customers_keyword_present PASSED [  6%]
tests/unit/extraction/test_extraction_validation.py::TestValidateKeywordInSource::test_unknown_metric_passes PASSED [  6%]
tests/unit/extraction/test_extraction_validation.py::TestValidateQuote::test_valid_quote_with_value PASSED [  6%]
tests/unit/extraction/test_extraction_validation.py::TestValidateQuote::test_empty_quote_fails PASSED [  6%]
tests/unit/extraction/test_extraction_validation.py::TestValidateQuote::test_none_quote_fails PASSED [  6%]
tests/unit/extraction/test_extraction_validation.py::TestValidateQuote::test_short_quote_fails PASSED [  6%]
tests/unit/extraction/test_extraction_validation.py::TestValidateQuote::test_quote_with_formatted_number PASSED [  6%]
tests/unit/extraction/test_extraction_validation.py::TestValidateExtraction::test_valid_extraction_no_issues PASSED [  6%]
tests/unit/extraction/test_extraction_validation.py::TestValidateExtraction::test_wrong_unit_creates_issue PASSED [  6%]
tests/unit/extraction/test_extraction_validation.py::TestValidateExtraction::test_out_of_range_creates_issue PASSED [  6%]
tests/unit/extraction/test_extraction_validation.py::TestValidateExtraction::test_missing_keyword_creates_issue PASSED [  6%]
tests/unit/extraction/test_extraction_validation.py::TestValidateExtraction::test_missing_quote_creates_issue PASSED [  6%]
tests/unit/extraction/test_extraction_validation.py::TestShouldRejectExtraction::test_no_issues_not_rejected PASSED [  6%]
tests/unit/extraction/test_extraction_validation.py::TestShouldRejectExtraction::test_fail_unit_rejected PASSED [  6%]
tests/unit/extraction/test_extraction_validation.py::TestShouldRejectExtraction::test_fail_range_rejected PASSED [  7%]
tests/unit/extraction/test_extraction_validation.py::TestShouldRejectExtraction::test_fail_keyword_rejected PASSED [  7%]
tests/unit/extraction/test_extraction_validation.py::TestShouldRejectExtraction::test_warn_not_rejected PASSED [  7%]
tests/unit/extraction/test_extraction_validation.py::TestGetRejectionReason::test_empty_issues_empty_reason PASSED [  7%]
tests/unit/extraction/test_extraction_validation.py::TestGetRejectionReason::test_single_issue_reason PASSED [  7%]
tests/unit/extraction/test_extraction_validation.py::TestGetRejectionReason::test_multiple_issues_joined PASSED [  7%]
tests/unit/extraction/test_extraction_validation.py::TestValidateQuoteContainsMetricKeyword::test_valid_cac_quote_with_keyword_and_value PASSED [  7%]
tests/unit/extraction/test_extraction_validation.py::TestValidateQuoteContainsMetricKeyword::test_valid_cac_with_abbreviation PASSED [  7%]
tests/unit/extraction/test_extraction_validation.py::TestValidateQuoteContainsMetricKeyword::test_reject_quote_missing_keyword PASSED [  7%]
tests/unit/extraction/test_extraction_validation.py::TestValidateQuoteContainsMetricKeyword::test_reject_revenue_quoted_as_cac PASSED [  7%]
tests/unit/extraction/test_extraction_validation.py::TestValidateQuoteContainsMetricKeyword::test_reject_customer_count_quoted_as_cac PASSED [  7%]
tests/unit/extraction/test_extraction_validation.py::TestValidateQuoteContainsMetricKeyword::test_warn_when_value_not_in_quote PASSED [  7%]
tests/unit/extraction/test_extraction_validation.py::TestValidateQuoteContainsMetricKeyword::test_empty_quote_fails PASSED [  7%]
tests/unit/extraction/test_extraction_validation.py::TestValidateQuoteContainsMetricKeyword::test_none_quote_fails PASSED [  7%]
tests/unit/extraction/test_extraction_validation.py::TestValidateQuoteContainsMetricKeyword::test_valid_nrr_quote PASSED [  7%]
tests/unit/extraction/test_extraction_validation.py::TestValidateQuoteContainsMetricKeyword::test_valid_nrr_abbreviation PASSED [  7%]
tests/unit/extraction/test_extraction_validation.py::TestValidateQuoteContainsMetricKeyword::test_case_insensitive_keyword_matching PASSED [  7%]
tests/unit/extraction/test_extraction_validation.py::TestValidateQuoteContainsMetricKeyword::test_value_with_comma_formatting PASSED [  7%]
tests/unit/extraction/test_extraction_validation.py::TestValidateQuoteContainsMetricKeyword::test_unknown_metric_passes PASSED [  7%]
tests/unit/extraction/test_extraction_validation.py::TestValidateQuoteContainsMetricKeyword::test_retention_rate_valid PASSED [  7%]
tests/unit/extraction/test_extraction_validation.py::TestValidateQuoteContainsMetricKeyword::test_churn_rate_valid PASSED [  7%]
tests/unit/extraction/test_extraction_validation.py::TestValidateQuoteContainsMetricKeyword::test_active_customers_valid PASSED [  7%]
tests/unit/extraction/test_extraction_validation.py::TestValidateQuoteContainsMetricKeyword::test_expansion_revenue_valid PASSED [  7%]
tests/unit/extraction/test_html_segmenter.py::test_segment_simple_html 
-------------------------------- live log call ---------------------------------
INFO     src.extraction.html_segmenter:html_segmenter.py:200 Segmenting filing 1 from /var/folders/49/5f3sb3b94q99grkbktd5p9jr0000gn/T/tmpptrfhd7t.html
INFO     src.extraction.html_segmenter:html_segmenter.py:376 Extracted 4 segments from filing 1: 4 segments in 0.005s (1 definition_blocks, 2 paragraphs, 1 tables, avg length: 66 chars)
PASSED                                                                   [  7%]
tests/unit/extraction/test_html_segmenter.py::test_segment_sgml_format 
-------------------------------- live log call ---------------------------------
INFO     src.extraction.html_segmenter:html_segmenter.py:200 Segmenting filing 2 from /var/folders/49/5f3sb3b94q99grkbktd5p9jr0000gn/T/tmp1tyc9y4s.html
INFO     src.extraction.html_segmenter:html_segmenter.py:376 Extracted 2 segments from filing 2: 2 segments in 0.001s (2 paragraphs, avg length: 56 chars)
PASSED                                                                   [  7%]
tests/unit/extraction/test_html_segmenter.py::test_segment_sgml_filing_uppercase_text_tag 
-------------------------------- live log call ---------------------------------
INFO     src.extraction.html_segmenter:html_segmenter.py:200 Segmenting filing 3 from /var/folders/49/5f3sb3b94q99grkbktd5p9jr0000gn/T/tmp1ed7wgpl.html
INFO     src.extraction.html_segmenter:html_segmenter.py:376 Extracted 1 segments from filing 3: 1 segments in 0.001s (1 paragraphs, avg length: 57 chars)
PASSED                                                                   [  7%]
tests/unit/extraction/test_html_segmenter.py::test_boundary_detector_is_singleton 
-------------------------------- live log call ---------------------------------
INFO     src.extraction.html_segmenter:html_segmenter.py:200 Segmenting filing 1 from /var/folders/49/5f3sb3b94q99grkbktd5p9jr0000gn/T/tmpap4g5wyc.html
INFO     src.extraction.html_segmenter:html_segmenter.py:376 Extracted 2 segments from filing 1: 2 segments in 0.001s (2 paragraphs, avg length: 54 chars)
PASSED                                                                   [  7%]
tests/unit/extraction/test_html_segmenter.py::test_min_segment_length_filter 
-------------------------------- live log call ---------------------------------
INFO     src.extraction.html_segmenter:html_segmenter.py:200 Segmenting filing 3 from /var/folders/49/5f3sb3b94q99grkbktd5p9jr0000gn/T/tmpb241_p_7.html
INFO     src.extraction.html_segmenter:html_segmenter.py:376 Extracted 1 segments from filing 3: 1 segments in 0.001s (1 paragraphs, avg length: 121 chars)
PASSED                                                                   [  7%]
tests/unit/extraction/test_html_segmenter.py::test_max_segment_length_truncation 
-------------------------------- live log call ---------------------------------
INFO     src.extraction.html_segmenter:html_segmenter.py:200 Segmenting filing 4 from /var/folders/49/5f3sb3b94q99grkbktd5p9jr0000gn/T/tmp272rov45.html
INFO     src.extraction.html_segmenter:html_segmenter.py:376 Extracted 1 segments from filing 4: 1 segments in 0.003s (1 paragraphs, avg length: 9997 chars)
PASSED                                                                   [  7%]
tests/unit/extraction/test_html_segmenter.py::test_empty_html_returns_empty_list 
-------------------------------- live log call ---------------------------------
INFO     src.extraction.html_segmenter:html_segmenter.py:200 Segmenting filing 5 from /var/folders/49/5f3sb3b94q99grkbktd5p9jr0000gn/T/tmpnkcbo5_v.html
INFO     src.extraction.html_segmenter:html_segmenter.py:376 Extracted 0 segments from filing 5: 0 segments in 0.000s (, avg length: 0 chars)
PASSED                                                                   [  7%]
tests/unit/extraction/test_html_segmenter.py::test_missing_file_returns_empty_list 
-------------------------------- live log call ---------------------------------
ERROR    src.extraction.html_segmenter:html_segmenter.py:197 Validation failed for filing 6: HTML file not found: /nonexistent/path.html
PASSED                                                                   [  7%]
tests/unit/extraction/test_html_segmenter.py::test_sequence_indices_are_sequential 
-------------------------------- live log call ---------------------------------
INFO     src.extraction.html_segmenter:html_segmenter.py:200 Segmenting filing 7 from /var/folders/49/5f3sb3b94q99grkbktd5p9jr0000gn/T/tmpabrtq33y.html
INFO     src.extraction.html_segmenter:html_segmenter.py:376 Extracted 4 segments from filing 7: 4 segments in 0.002s (1 definition_blocks, 2 paragraphs, 1 tables, avg length: 66 chars)
PASSED                                                                   [  7%]
tests/unit/extraction/test_html_segmenter.py::test_normalize_text_removes_extra_whitespace 
-------------------------------- live log call ---------------------------------
INFO     src.extraction.html_segmenter:html_segmenter.py:200 Segmenting filing 8 from /var/folders/49/5f3sb3b94q99grkbktd5p9jr0000gn/T/tmpdbrohazr.html
INFO     src.extraction.html_segmenter:html_segmenter.py:376 Extracted 1 segments from filing 8: 1 segments in 0.001s (1 paragraphs, avg length: 99 chars)
PASSED                                                                   [  7%]
tests/unit/extraction/test_html_segmenter.py::test_table_extraction 
-------------------------------- live log call ---------------------------------
INFO     src.extraction.html_segmenter:html_segmenter.py:200 Segmenting filing 9 from /var/folders/49/5f3sb3b94q99grkbktd5p9jr0000gn/T/tmpvk_fj212.html
INFO     src.extraction.html_segmenter:html_segmenter.py:376 Extracted 1 segments from filing 9: 1 segments in 0.002s (1 tables, avg length: 97 chars)
PASSED                                                                   [  7%]
tests/unit/extraction/test_html_segmenter.py::test_custom_min_and_max_lengths 
-------------------------------- live log call ---------------------------------
INFO     src.extraction.html_segmenter:html_segmenter.py:200 Segmenting filing 10 from /var/folders/49/5f3sb3b94q99grkbktd5p9jr0000gn/T/tmpy9o4jdsp.html
INFO     src.extraction.html_segmenter:html_segmenter.py:376 Extracted 1 segments from filing 10: 1 segments in 0.001s (1 paragraphs, avg length: 75 chars)
PASSED                                                                   [  7%]
tests/unit/extraction/test_html_segmenter.py::test_section_heading_skips_table_of_contents 
-------------------------------- live log call ---------------------------------
INFO     src.extraction.html_segmenter:html_segmenter.py:200 Segmenting filing 11 from /var/folders/49/5f3sb3b94q99grkbktd5p9jr0000gn/T/tmpduajtzma.html
[...]
- host: 'localhost', port: None, hostaddr: '127.0.0.1': connection failed: connection to server at "127.0.0.1", port 5432 failed: FATAL:  role "test" does not exist
2026-02-02 09:08:52,131 - psycopg.pool - WARNING - error connecting in 'pool-98': connection failed: connection to server at "127.0.0.1", port 5432 failed: FATAL:  role "test" does not exist
Multiple connection attempts failed. All failures were:
- host: 'localhost', port: None, hostaddr: '::1': connection failed: connection to server at "::1", port 5432 failed: FATAL:  role "test" does not exist
- host: 'localhost', port: None, hostaddr: '127.0.0.1': connection failed: connection to server at "127.0.0.1", port 5432 failed: FATAL:  role "test" does not exist
2026-02-02 09:08:52,136 - psycopg.pool - WARNING - error connecting in 'pool-88': connection failed: connection to server at "127.0.0.1", port 5432 failed: FATAL:  role "test" does not exist
Multiple connection attempts failed. All failures were:
- host: 'localhost', port: None, hostaddr: '::1': connection failed: connection to server at "::1", port 5432 failed: FATAL:  role "test" does not exist
- host: 'localhost', port: None, hostaddr: '127.0.0.1': connection failed: connection to server at "127.0.0.1", port 5432 failed: FATAL:  role "test" does not exist
2026-02-02 09:08:52,183 - psycopg.pool - WARNING - error connecting in 'pool-83': connection failed: connection to server at "127.0.0.1", port 5432 failed: FATAL:  role "test" does not exist
Multiple connection attempts failed. All failures were:
- host: 'localhost', port: None, hostaddr: '::1': connection failed: connection to server at "::1", port 5432 failed: FATAL:  role "test" does not exist
- host: 'localhost', port: None, hostaddr: '127.0.0.1': connection failed: connection to server at "127.0.0.1", port 5432 failed: FATAL:  role "test" does not exist
2026-02-02 09:08:52,303 - psycopg.pool - WARNING - error connecting in 'pool-17': connection failed: connection to server at "127.0.0.1", port 5432 failed: FATAL:  role "test" does not exist
Multiple connection attempts failed. All failures were:
- host: 'localhost', port: None, hostaddr: '::1': connection failed: connection to server at "::1", port 5432 failed: FATAL:  role "test" does not exist
- host: 'localhost', port: None, hostaddr: '127.0.0.1': connection failed: connection to server at "127.0.0.1", port 5432 failed: FATAL:  role "test" does not exist
2026-02-02 09:08:52,303 - psycopg.pool - WARNING - error connecting in 'pool-84': connection failed: connection to server at "127.0.0.1", port 5432 failed: FATAL:  role "test" does not exist
Multiple connection attempts failed. All failures were:
- host: 'localhost', port: None, hostaddr: '::1': connection failed: connection to server at "::1", port 5432 failed: FATAL:  role "test" does not exist
- host: 'localhost', port: None, hostaddr: '127.0.0.1': connection failed: connection to server at "127.0.0.1", port 5432 failed: FATAL:  role "test" does not exist
2026-02-02 09:08:52,303 - psycopg.pool - WARNING - error connecting in 'pool-86': connection failed: connection to server at "127.0.0.1", port 5432 failed: FATAL:  role "test" does not exist
Multiple connection attempts failed. All failures were:
- host: 'localhost', port: None, hostaddr: '::1': connection failed: connection to server at "::1", port 5432 failed: FATAL:  role "test" does not exist
- host: 'localhost', port: None, hostaddr: '127.0.0.1': connection failed: connection to server at "127.0.0.1", port 5432 failed: FATAL:  role "test" does not exist
2026-02-02 09:08:52,308 - psycopg.pool - WARNING - error connecting in 'pool-89': connection failed: connection to server at "127.0.0.1", port 5432 failed: FATAL:  role "test" does not exist
Multiple connection attempts failed. All failures were:
- host: 'localhost', port: None, hostaddr: '::1': connection failed: connection to server at "::1", port 5432 failed: FATAL:  role "test" does not exist
- host: 'localhost', port: None, hostaddr: '127.0.0.1': connection failed: connection to server at "127.0.0.1", port 5432 failed: FATAL:  role "test" does not exist
2026-02-02 09:08:52,316 - psycopg.pool - WARNING - error connecting in 'pool-82': connection failed: connection to server at "127.0.0.1", port 5432 failed: FATAL:  role "test" does not exist
Multiple connection attempts failed. All failures were:
- host: 'localhost', port: None, hostaddr: '::1': connection failed: connection to server at "::1", port 5432 failed: FATAL:  role "test" does not exist
- host: 'localhost', port: None, hostaddr: '127.0.0.1': connection failed: connection to server at "127.0.0.1", port 5432 failed: FATAL:  role "test" does not exist
2026-02-02 09:08:52,318 - psycopg.pool - WARNING - error connecting in 'pool-97': connection failed: connection to server at "127.0.0.1", port 5432 failed: FATAL:  role "test" does not exist
Multiple connection attempts failed. All failures were:
- host: 'localhost', port: None, hostaddr: '::1': connection failed: connection to server at "::1", port 5432 failed: FATAL:  role "test" does not exist
- host: 'localhost', port: None, hostaddr: '127.0.0.1': connection failed: connection to server at "127.0.0.1", port 5432 failed: FATAL:  role "test" does not exist
2026-02-02 09:08:52,319 - psycopg.pool - WARNING - error connecting in 'pool-91': connection failed: connection to server at "127.0.0.1", port 5432 failed: FATAL:  role "test" does not exist
Multiple connection attempts failed. All failures were:
- host: 'localhost', port: None, hostaddr: '::1': connection failed: connection to server at "::1", port 5432 failed: FATAL:  role "test" does not exist
- host: 'localhost', port: None, hostaddr: '127.0.0.1': connection failed: connection to server at "127.0.0.1", port 5432 failed: FATAL:  role "test" does not exist
2026-02-02 09:08:52,332 - psycopg.pool - WARNING - error connecting in 'pool-100': connection failed: connection to server at "127.0.0.1", port 5432 failed: FATAL:  role "test" does not exist
Multiple connection attempts failed. All failures were:
- host: 'localhost', port: None, hostaddr: '::1': connection failed: connection to server at "::1", port 5432 failed: FATAL:  role "test" does not exist
- host: 'localhost', port: None, hostaddr: '127.0.0.1': connection failed: connection to server at "127.0.0.1", port 5432 failed: FATAL:  role "test" does not exist
2026-02-02 09:08:52,413 - psycopg.pool - WARNING - error connecting in 'pool-96': connection failed: connection to server at "127.0.0.1", port 5432 failed: FATAL:  role "test" does not exist
Multiple connection attempts failed. All failures were:
- host: 'localhost', port: None, hostaddr: '::1': connection failed: connection to server at "::1", port 5432 failed: FATAL:  role "test" does not exist
- host: 'localhost', port: None, hostaddr: '127.0.0.1': connection failed: connection to server at "127.0.0.1", port 5432 failed: FATAL:  role "test" does not exist
2026-02-02 09:08:52,415 - psycopg.pool - WARNING - error connecting in 'pool-36': connection failed: connection to server at "127.0.0.1", port 5432 failed: FATAL:  role "test" does not exist
Multiple connection attempts failed. All failures were:
- host: 'localhost', port: None, hostaddr: '::1': connection failed: connection to server at "::1", port 5432 failed: FATAL:  role "test" does not exist
- host: 'localhost', port: None, hostaddr: '127.0.0.1': connection failed: connection to server at "127.0.0.1", port 5432 failed: FATAL:  role "test" does not exist
2026-02-02 09:08:52,415 - psycopg.pool - WARNING - error connecting in 'pool-90': connection failed: connection to server at "127.0.0.1", port 5432 failed: FATAL:  role "test" does not exist
Multiple connection attempts failed. All failures were:
- host: 'localhost', port: None, hostaddr: '::1': connection failed: connection to server at "::1", port 5432 failed: FATAL:  role "test" does not exist
- host: 'localhost', port: None, hostaddr: '127.0.0.1': connection failed: connection to server at "127.0.0.1", port 5432 failed: FATAL:  role "test" does not exist
2026-02-02 09:08:52,453 - psycopg.pool - WARNING - error connecting in 'pool-82': connection failed: connection to server at "127.0.0.1", port 5432 failed: FATAL:  role "test" does not exist
Multiple connection attempts failed. All failures were:
- host: 'localhost', port: None, hostaddr: '::1': connection failed: connection to server at "::1", port 5432 failed: FATAL:  role "test" does not exist
- host: 'localhost', port: None, hostaddr: '127.0.0.1': connection failed: connection to server at "127.0.0.1", port 5432 failed: FATAL:  role "test" does not exist
2026-02-02 09:08:52,457 - psycopg.pool - WARNING - error connecting in 'pool-101': connection failed: connection to server at "127.0.0.1", port 5432 failed: FATAL:  role "test" does not exist
Multiple connection attempts failed. All failures were:
- host: 'localhost', port: None, hostaddr: '::1': connection failed: connection to server at "::1", port 5432 failed: FATAL:  role "test" does not exist
- host: 'localhost', port: None, hostaddr: '127.0.0.1': connection failed: connection to server at "127.0.0.1", port 5432 failed: FATAL:  role "test" does not exist
2026-02-02 09:08:52,470 - psycopg.pool - WARNING - error connecting in 'pool-85': connection failed: connection to server at "127.0.0.1", port 5432 failed: FATAL:  role "test" does not exist
Multiple connection attempts failed. All failures were:
- host: 'localhost', port: None, hostaddr: '::1': connection failed: connection to server at "::1", port 5432 failed: FATAL:  role "test" does not exist
- host: 'localhost', port: None, hostaddr: '127.0.0.1': connection failed: connection to server at "127.0.0.1", port 5432 failed: FATAL:  role "test" does not exist
2026-02-02 09:08:52,531 - psycopg.pool - WARNING - error connecting in 'pool-47': connection failed: connection to server at "127.0.0.1", port 5432 failed: FATAL:  role "test" does not exist
Multiple connection attempts failed. All failures were:
- host: 'localhost', port: None, hostaddr: '::1': connection failed: connection to server at "::1", port 5432 failed: FATAL:  role "test" does not exist
- host: 'localhost', port: None, hostaddr: '127.0.0.1': connection failed: connection to server at "127.0.0.1", port 5432 failed: FATAL:  role "test" does not exist
2026-02-02 09:08:52,551 - psycopg.pool - WARNING - error connecting in 'pool-97': connection failed: connection to server at "127.0.0.1", port 5432 failed: FATAL:  role "test" does not exist
Multiple connection attempts failed. All failures were:
- host: 'localhost', port: None, hostaddr: '::1': connection failed: connection to server at "::1", port 5432 failed: FATAL:  role "test" does not exist
- host: 'localhost', port: None, hostaddr: '127.0.0.1': connection failed: connection to server at "127.0.0.1", port 5432 failed: FATAL:  role "test" does not exist
2026-02-02 09:08:52,560 - psycopg.pool - WARNING - error connecting in 'pool-95': connection failed: connection to server at "127.0.0.1", port 5432 failed: FATAL:  role "test" does not exist
Multiple connection attempts failed. All failures were:
- host: 'localhost', port: None, hostaddr: '::1': connection failed: connection to server at "::1", port 5432 failed: FATAL:  role "test" does not exist
- host: 'localhost', port: None, hostaddr: '127.0.0.1': connection failed: connection to server at "127.0.0.1", port 5432 failed: FATAL:  role "test" does not exist
2026-02-02 09:08:52,685 - psycopg.pool - WARNING - error connecting in 'pool-51': connection failed: connection to server at "127.0.0.1", port 5432 failed: FATAL:  role "test" does not exist
Multiple connection attempts failed. All failures were:
- host: 'localhost', port: None, hostaddr: '::1': connection failed: connection to server at "::1", port 5432 failed: FATAL:  role "test" does not exist
- host: 'localhost', port: None, hostaddr: '127.0.0.1': connection failed: connection to server at "127.0.0.1", port 5432 failed: FATAL:  role "test" does not exist
2026-02-02 09:08:52,692 - psycopg.pool - WARNING - error connecting in 'pool-86': connection failed: connection to server at "127.0.0.1", port 5432 failed: FATAL:  role "test" does not exist
Multiple connection attempts failed. All failures were:
- host: 'localhost', port: None, hostaddr: '::1': connection failed: connection to server at "::1", port 5432 failed: FATAL:  role "test" does not exist
- host: 'localhost', port: None, hostaddr: '127.0.0.1': connection failed: connection to server at "127.0.0.1", port 5432 failed: FATAL:  role "test" does not exist
2026-02-02 09:08:52,692 - psycopg.pool - WARNING - error connecting in 'pool-93': connection failed: connection to server at "127.0.0.1", port 5432 failed: FATAL:  role "test" does not exist
Multiple connection attempts failed. All failures were:
- host: 'localhost', port: None, hostaddr: '::1': connection failed: connection to server at "::1", port 5432 failed: FATAL:  role "test" does not exist
- host: 'localhost', port: None, hostaddr: '127.0.0.1': connection failed: connection to server at "127.0.0.1", port 5432 failed: FATAL:  role "test" does not exist
2026-02-02 09:08:52,692 - psycopg.pool - WARNING - error connecting in 'pool-92': connection failed: connection to server at "127.0.0.1", port 5432 failed: FATAL:  role "test" does not exist
Multiple connection attempts failed. All failures were:
- host: 'localhost', port: None, hostaddr: '::1': connection failed: connection to server at "::1", port 5432 failed: FATAL:  role "test" does not exist
- host: 'localhost', port: None, hostaddr: '127.0.0.1': connection failed: connection to server at "127.0.0.1", port 5432 failed: FATAL:  role "test" does not exist
2026-02-02 09:08:52,697 - psycopg.pool - WARNING - error connecting in 'pool-69': connection failed: connection to server at "127.0.0.1", port 5432 failed: FATAL:  role "test" does not exist
Multiple connection attempts failed. All failures were:
- host: 'localhost', port: None, hostaddr: '::1': connection failed: connection to server at "::1", port 5432 failed: FATAL:  role "test" does not exist
- host: 'localhost', port: None, hostaddr: '127.0.0.1': connection failed: connection to server at "127.0.0.1", port 5432 failed: FATAL:  role "test" does not exist
2026-02-02 09:08:52,699 - psycopg.pool - WARNING - error connecting in 'pool-83': connection failed: connection to server at "127.0.0.1", port 5432 failed: FATAL:  role "test" does not exist
Multiple connection attempts failed. All failures were:
- host: 'localhost', port: None, hostaddr: '::1': connection failed: connection to server at "::1", port 5432 failed: FATAL:  role "test" does not exist
- host: 'localhost', port: None, hostaddr: '127.0.0.1': connection failed: connection to server at "127.0.0.1", port 5432 failed: FATAL:  role "test" does not exist
2026-02-02 09:08:52,762 - psycopg.pool - WARNING - error connecting in 'pool-80': connection failed: connection to server at "127.0.0.1", port 5432 failed: FATAL:  role "test" does not exist
Multiple connection attempts failed. All failures were:
- host: 'localhost', port: None, hostaddr: '::1': connection failed: connection to server at "::1", port 5432 failed: FATAL:  role "test" does not exist
- host: 'localhost', port: None, hostaddr: '127.0.0.1': connection failed: connection to server at "127.0.0.1", port 5432 failed: FATAL:  role "test" does not exist
2026-02-02 09:08:52,780 - psycopg.pool - WARNING - error connecting in 'pool-101': connection failed: connection to server at "127.0.0.1", port 5432 failed: FATAL:  role "test" does not exist
Multiple connection attempts failed. All failures were:
- host: 'localhost', port: None, hostaddr: '::1': connection failed: connection to server at "::1", port 5432 failed: FATAL:  role "test" does not exist
- host: 'localhost', port: None, hostaddr: '127.0.0.1': connection failed: connection to server at "127.0.0.1", port 5432 failed: FATAL:  role "test" does not exist
2026-02-02 09:08:52,788 - psycopg.pool - WARNING - error connecting in 'pool-99': connection failed: connection to server at "127.0.0.1", port 5432 failed: FATAL:  role "test" does not exist
Multiple connection attempts failed. All failures were:
- host: 'localhost', port: None, hostaddr: '::1': connection failed: connection to server at "::1", port 5432 failed: FATAL:  role "test" does not exist
- host: 'localhost', port: None, hostaddr: '127.0.0.1': connection failed: connection to server at "127.0.0.1", port 5432 failed: FATAL:  role "test" does not exist
2026-02-02 09:08:52,795 - psycopg.pool - WARNING - error connecting in 'pool-103': connection failed: connection to server at "127.0.0.1", port 5432 failed: FATAL:  role "test" does not exist
Multiple connection attempts failed. All failures were:
- host: 'localhost', port: None, hostaddr: '::1': connection failed: connection to server at "::1", port 5432 failed: FATAL:  role "test" does not exist
- host: 'localhost', port: None, hostaddr: '127.0.0.1': connection failed: connection to server at "127.0.0.1", port 5432 failed: FATAL:  role "test" does not exist
2026-02-02 09:08:52,808 - psycopg.pool - WARNING - error connecting in 'pool-100': connection failed: connection to server at "127.0.0.1", port 5432 failed: FATAL:  role "test" does not exist
Multiple connection attempts failed. All failures were:
- host: 'localhost', port: None, hostaddr: '::1': connection failed: connection to server at "::1", port 5432 failed: FATAL:  role "test" does not exist
- host: 'localhost', port: None, hostaddr: '127.0.0.1': connection failed: connection to server at "127.0.0.1", port 5432 failed: FATAL:  role "test" does not exist
Required test coverage of 75% reached. Total coverage: 81.57%
=========================== short test summary info ============================
FAILED tests/unit/web/test_api_images_routes.py::TestCreateImageDecision::test_create_relevant_decision_success
FAILED tests/unit/web/test_api_images_routes.py::TestCreateImageDecision::test_create_not_relevant_decision_success
FAILED tests/unit/web/test_api_images_routes.py::TestCreateImageDecision::test_candidate_not_found
FAILED tests/unit/web/test_api_images_routes.py::TestCreateImageDecision::test_database_error_returns_500
FAILED tests/unit/web/test_api_images_routes.py::TestCreateImageDecision::test_validation_error_from_db_returns_400
FAILED tests/unit/web/test_api_images_routes.py::TestSkipImageCandidate::test_skip_candidate_not_found
FAILED tests/unit/web/test_api_images_routes.py::TestValidChartTypes::test_valid_chart_types[cohort_table]
FAILED tests/unit/web/test_api_images_routes.py::TestValidChartTypes::test_valid_chart_types[cohort_heatmap]
FAILED tests/unit/web/test_api_images_routes.py::TestValidChartTypes::test_valid_chart_types[line_chart]
FAILED tests/unit/web/test_api_images_routes.py::TestValidChartTypes::test_valid_chart_types[bar_chart]
FAILED tests/unit/web/test_api_images_routes.py::TestValidChartTypes::test_valid_chart_types[stacked_bar]
FAILED tests/unit/web/test_api_images_routes.py::TestValidChartTypes::test_valid_chart_types[other_chart]
FAILED tests/unit/web/test_api_images_routes.py::TestValidChartTypes::test_valid_chart_types[mixed]
FAILED tests/unit/web/test_api_images_routes.py::TestValidRejectionReasons::test_valid_rejection_reasons[decorative]
FAILED tests/unit/web/test_api_images_routes.py::TestValidRejectionReasons::test_valid_rejection_reasons[not_a_chart]
FAILED tests/unit/web/test_api_images_routes.py::TestValidRejectionReasons::test_valid_rejection_reasons[wrong_subject]
FAILED tests/unit/web/test_api_images_routes.py::TestValidRejectionReasons::test_valid_rejection_reasons[duplicate]
FAILED tests/unit/web/test_api_images_routes.py::TestValidRejectionReasons::test_valid_rejection_reasons[unreadable]
FAILED tests/unit/web/test_api_images_routes.py::TestValidRejectionReasons::test_valid_rejection_reasons[other]
=========== 19 failed, 3436 passed, 12 skipped in 100.05s (0:01:40) ============
